2019-11-04 15:54:55,663 - __main__ - ERROR - Error in DB - name 'logger' is not defined
2019-11-04 15:54:55,664 - __main__ - INFO - Finished inserting records.
2019-11-04 15:58:14,939 - __main__ - ERROR - Error in connection - FATAL:  password authentication failed for user "postgres"

2019-11-04 15:58:14,940 - __main__ - ERROR - 'NoneType' object has no attribute 'cursor'
2019-11-04 15:58:14,940 - __main__ - INFO - Finished inserting records.
2019-11-04 15:58:38,289 - __main__ - ERROR - Error in connection - FATAL:  password authentication failed for user "postgres"

2019-11-04 15:58:38,290 - __main__ - ERROR - 'NoneType' object has no attribute 'cursor'
2019-11-04 15:58:38,290 - __main__ - INFO - Finished inserting records.
2019-11-04 15:59:29,616 - __main__ - ERROR - Error in connection - FATAL:  database "test_db" does not exist

2019-11-04 15:59:29,616 - __main__ - ERROR - 'NoneType' object has no attribute 'cursor'
2019-11-04 15:59:29,617 - __main__ - INFO - Finished inserting records.
2019-11-04 16:01:24,017 - __main__ - ERROR - Error in connection - FATAL:  database "test_db" does not exist

2019-11-04 16:01:24,018 - __main__ - ERROR - 'NoneType' object has no attribute 'cursor'
2019-11-04 16:01:24,018 - __main__ - INFO - Finished inserting records.
2019-11-04 16:06:57,995 - __main__ - ERROR - Error in connection - FATAL:  database "test_db" does not exist

2019-11-04 16:06:57,995 - __main__ - ERROR - 'NoneType' object has no attribute 'cursor'
2019-11-04 16:06:57,996 - __main__ - INFO - Finished inserting records.
2019-11-04 16:08:25,227 - __main__ - ERROR - Error in connection - FATAL:  password authentication failed for user "postgres"

2019-11-04 16:08:25,227 - __main__ - ERROR - 'NoneType' object has no attribute 'cursor'
2019-11-04 16:08:25,228 - __main__ - INFO - Finished inserting records.
2019-11-04 16:10:32,718 - __main__ - ERROR - Error in connection - FATAL:  database "test_db" does not exist

2019-11-04 16:10:32,719 - __main__ - ERROR - 'NoneType' object has no attribute 'cursor'
2019-11-04 16:10:32,719 - __main__ - INFO - Finished inserting records.
2019-11-04 16:10:50,636 - __main__ - ERROR - Error in connection - FATAL:  database "test_db" does not exist

2019-11-04 16:10:50,637 - __main__ - ERROR - 'NoneType' object has no attribute 'cursor'
2019-11-04 16:10:50,638 - __main__ - INFO - Finished inserting records.
2019-11-04 16:11:40,584 - __main__ - ERROR - Error in connection - FATAL:  database "test_db" does not exist

2019-11-04 16:11:40,586 - __main__ - ERROR - 'NoneType' object has no attribute 'cursor'
2019-11-04 16:11:40,586 - __main__ - INFO - Finished inserting records.
2019-11-04 16:12:01,672 - __main__ - ERROR - Error in connection - FATAL:  database "test_db" does not exist

2019-11-04 16:12:01,673 - __main__ - ERROR - 'NoneType' object has no attribute 'cursor'
2019-11-04 16:12:01,673 - __main__ - INFO - Finished inserting records.
2019-11-04 16:12:37,890 - __main__ - INFO - Finished inserting records.
2019-11-04 16:22:36,021 - __main__ - ERROR - Error in DB - module 'create_db_table' has no attribute 'table'
2019-11-04 16:22:36,021 - __main__ - INFO - Finished inserting records.
2019-11-04 16:25:20,176 - __main__ - INFO - Finished inserting records.
2019-11-04 16:41:11,982 - __main__ - ERROR - Error in connection - FATAL:  password authentication failed for user "postgres"

2019-11-04 16:41:11,983 - __main__ - ERROR - 'NoneType' object has no attribute 'cursor'
2019-11-04 16:41:11,984 - __main__ - INFO - Finished inserting records.
2019-11-04 16:41:34,710 - __main__ - INFO - Finished inserting records.
2019-11-04 16:42:18,298 - __main__ - ERROR - Unable to insert record - null value in column "datetime" violates not-null constraint
DETAIL:  Failing row contains (1, null, ., config.ini, 118, 75e2f21c692cb4fe6601f3c417b72350, 8aeced47bad30e683a0e071fe4edc7ba48ae9b9a).

2019-11-04 16:42:18,299 - __main__ - INFO - Finished inserting records.
2019-11-04 16:43:29,740 - __main__ - INFO - Finished inserting records.
2019-11-04 16:45:43,923 - __main__ - INFO - Finished inserting records.
2019-11-04 16:48:30,268 - __main__ - INFO - Finished inserting records.
2019-11-04 17:02:31,538 - __main__ - INFO - Naming default_file
2019-11-04 17:02:31,539 - __main__ - INFO - Result: default_file_20191104_170231
2019-11-04 17:02:31,539 - __main__ - INFO - Opening new .csv file.
2019-11-04 17:02:31,539 - __main__ - INFO - Including the ff. headers: ['Parent Path', 'File Name', 'File Size', 'MD5', 'SHA1'].
2019-11-04 17:02:31,540 - __main__ - INFO - Writing rows...
2019-11-04 17:02:31,552 - __main__ - INFO - Finished with .csv file. Onto zipping...
2019-11-04 17:02:31,552 - __main__ - INFO - Zipping default_file_20191104_170231.csv
2019-11-04 17:02:31,553 - __main__ - INFO - Creating zip...
2019-11-04 17:02:31,557 - __main__ - INFO - Zipping done.
2019-11-04 17:02:31,558 - __main__ - INFO - Finished creating default_file_20191104_170231.csv.zip.
2019-11-04 17:04:31,704 - __main__ - INFO - Naming default_file
2019-11-04 17:04:31,705 - __main__ - INFO - Result: default_file_20191104_170431
2019-11-04 17:04:31,705 - __main__ - INFO - Opening new .csv file.
2019-11-04 17:04:31,706 - __main__ - INFO - Including the ff. headers: ['Parent Path', 'File Name', 'File Size', 'MD5', 'SHA1'].
2019-11-04 17:04:31,706 - __main__ - INFO - Writing rows...
2019-11-04 17:04:31,722 - __main__ - INFO - Finished with .csv file. Onto zipping...
2019-11-04 17:04:31,722 - __main__ - INFO - Zipping default_file_20191104_170431.csv
2019-11-04 17:04:31,723 - __main__ - INFO - Creating zip...
2019-11-04 17:04:31,727 - __main__ - INFO - Zipping done.
2019-11-04 17:04:31,728 - __main__ - INFO - Finished creating default_file_20191104_170431.csv.zip.
2019-11-04 17:04:45,116 - __main__ - INFO - Naming default_file
2019-11-04 17:04:45,117 - __main__ - INFO - Result: default_file_20191104_170445
2019-11-04 17:04:45,117 - __main__ - INFO - Opening new .csv file.
2019-11-04 17:04:45,118 - __main__ - INFO - Including the ff. headers: ['Parent Path', 'File Name', 'File Size', 'MD5', 'SHA1'].
2019-11-04 17:04:45,118 - __main__ - INFO - Writing rows...
2019-11-04 17:04:45,134 - __main__ - INFO - Finished with .csv file. Onto zipping...
2019-11-04 17:04:45,134 - __main__ - INFO - Zipping default_file_20191104_170445.csv
2019-11-04 17:04:45,135 - __main__ - INFO - Creating zip...
2019-11-04 17:04:45,141 - __main__ - INFO - Zipping done.
2019-11-04 17:04:45,141 - __main__ - INFO - Finished creating default_file_20191104_170445.csv.zip.
2019-11-04 17:06:53,344 - __main__ - INFO - Finished inserting records.
2019-11-04 17:07:28,858 - __main__ - INFO - Finished inserting records.
2019-11-04 17:08:55,801 - __main__ - INFO - Naming default_file
2019-11-04 17:08:55,802 - __main__ - INFO - Result: default_file_20191104_170855
2019-11-04 17:08:55,802 - __main__ - INFO - Opening new .csv file.
2019-11-04 17:08:55,802 - __main__ - INFO - Including the ff. headers: ['Parent Path', 'File Name', 'File Size', 'MD5', 'SHA1'].
2019-11-04 17:08:55,803 - __main__ - INFO - Writing rows...
2019-11-04 17:08:55,815 - __main__ - INFO - Finished with .csv file. Onto zipping...
2019-11-04 17:08:55,815 - __main__ - INFO - Zipping default_file_20191104_170855.csv
2019-11-04 17:08:55,816 - __main__ - INFO - Creating zip...
2019-11-04 17:08:55,822 - __main__ - INFO - Zipping done.
2019-11-04 17:08:55,822 - __main__ - INFO - Finished creating default_file_20191104_170855.csv.zip.
